2025-04-05 21:21:15,882 - __main__ - WARNING - Dataset not found at D:\Accenture Hackathon\backend\data\farming_dataset.xlsx
2025-04-05 21:21:15,883 - __main__ - INFO - Creating sample dataset
2025-04-05 21:21:16,087 - __main__ - INFO - Model trained successfully
2025-04-05 21:21:16,091 - __main__ - INFO - Starting Flask server...
2025-04-05 21:21:16,091 - __main__ - INFO - Dataset path: D:\Accenture Hackathon\backend\data\farming_dataset.xlsx
2025-04-05 21:21:16,091 - __main__ - INFO - Weather API Key: cb669b0e7977e5085210c5309da7b642
2025-04-05 21:21:16,092 - __main__ - INFO - Weather API URL: http://api.openweathermap.org/data/2.5/weather
2025-04-05 21:21:16,125 - werkzeug - INFO - [31m[1mWARNING: This is a development server. Do not use it in a production deployment. Use a production WSGI server instead.[0m
 * Running on all addresses (0.0.0.0)
 * Running on http://127.0.0.1:5000
 * Running on http://10.11.153.38:5000
2025-04-05 21:21:16,126 - werkzeug - INFO - [33mPress CTRL+C to quit[0m
2025-04-05 21:21:16,128 - werkzeug - INFO -  * Restarting with stat
2025-04-05 21:21:19,217 - __main__ - WARNING - Dataset not found at D:\Accenture Hackathon\backend\data\farming_dataset.xlsx
2025-04-05 21:21:19,217 - __main__ - INFO - Creating sample dataset
2025-04-05 21:21:19,464 - __main__ - INFO - Model trained successfully
2025-04-05 21:21:19,468 - __main__ - INFO - Starting Flask server...
2025-04-05 21:21:19,468 - __main__ - INFO - Dataset path: D:\Accenture Hackathon\backend\data\farming_dataset.xlsx
2025-04-05 21:21:19,469 - __main__ - INFO - Weather API Key: cb669b0e7977e5085210c5309da7b642
2025-04-05 21:21:19,469 - __main__ - INFO - Weather API URL: http://api.openweathermap.org/data/2.5/weather
2025-04-05 21:21:19,485 - werkzeug - WARNING -  * Debugger is active!
2025-04-05 21:21:19,490 - werkzeug - INFO -  * Debugger PIN: 191-349-390
2025-04-05 21:21:32,697 - werkzeug - INFO -  * Detected change in 'D:\\Accenture Hackathon\\backend\\server.py', reloading
2025-04-05 21:21:32,988 - werkzeug - INFO -  * Restarting with stat
2025-04-05 21:21:36,591 - __main__ - WARNING - Dataset not found at D:\Accenture Hackathon\backend\data\farming_dataset.xlsx
2025-04-05 21:21:36,592 - __main__ - INFO - Creating sample dataset
2025-04-05 21:21:36,824 - __main__ - INFO - Model trained successfully
2025-04-05 21:21:36,829 - __main__ - INFO - Starting Flask server...
2025-04-05 21:21:36,830 - __main__ - INFO - Dataset path: D:\Accenture Hackathon\backend\data\farming_dataset.xlsx
2025-04-05 21:21:36,830 - __main__ - INFO - Weather API Key: cb669b0e7977e5085210c5309da7b642
2025-04-05 21:21:36,830 - __main__ - INFO - Weather API URL: http://api.openweathermap.org/data/2.5/weather
2025-04-05 21:21:36,847 - werkzeug - WARNING -  * Debugger is active!
2025-04-05 21:21:36,852 - werkzeug - INFO -  * Debugger PIN: 191-349-390
2025-04-05 21:24:43,244 - __main__ - WARNING - Dataset not found at d:\Accenture Hackathon\backend\data\farming_dataset.xlsx
2025-04-05 21:24:43,245 - __main__ - INFO - Creating sample dataset
2025-04-05 21:24:43,537 - __main__ - INFO - Model trained successfully
2025-04-05 21:24:43,543 - __main__ - INFO - Starting Flask server...
2025-04-05 21:24:43,544 - __main__ - INFO - Dataset path: d:\Accenture Hackathon\backend\data\farming_dataset.xlsx
2025-04-05 21:24:43,546 - __main__ - INFO - Weather API Key: cb669b0e7977e5085210c5309da7b642
2025-04-05 21:24:43,547 - __main__ - INFO - Weather API URL: http://api.openweathermap.org/data/2.5/weather
2025-04-05 21:24:43,576 - werkzeug - INFO - [31m[1mWARNING: This is a development server. Do not use it in a production deployment. Use a production WSGI server instead.[0m
 * Running on all addresses (0.0.0.0)
 * Running on http://127.0.0.1:5000
 * Running on http://10.11.153.38:5000
2025-04-05 21:24:43,579 - werkzeug - INFO - [33mPress CTRL+C to quit[0m
2025-04-05 21:24:43,583 - werkzeug - INFO -  * Restarting with stat
2025-04-05 21:27:37,020 - werkzeug - INFO - 127.0.0.1 - - [05/Apr/2025 21:27:37] "[33mGET /api/data/farmer HTTP/1.1[0m" 404 -
2025-04-05 21:27:37,274 - werkzeug - INFO - 127.0.0.1 - - [05/Apr/2025 21:27:37] "[33mGET /api/data/market HTTP/1.1[0m" 404 -
2025-04-05 21:27:41,955 - werkzeug - INFO - 127.0.0.1 - - [05/Apr/2025 21:27:41] "[33mGET /api/data/farmer HTTP/1.1[0m" 404 -
2025-04-05 21:27:42,287 - werkzeug - INFO - 127.0.0.1 - - [05/Apr/2025 21:27:42] "[33mGET /api/data/market HTTP/1.1[0m" 404 -
2025-04-05 21:28:39,795 - werkzeug - INFO - 127.0.0.1 - - [05/Apr/2025 21:28:39] "[33mGET /api/data/farmer HTTP/1.1[0m" 404 -
2025-04-05 21:28:40,116 - werkzeug - INFO - 127.0.0.1 - - [05/Apr/2025 21:28:40] "[33mGET /api/data/market HTTP/1.1[0m" 404 -
2025-04-05 21:30:03,897 - werkzeug - INFO - 127.0.0.1 - - [05/Apr/2025 21:30:03] "[33mGET /api/data/farmer HTTP/1.1[0m" 404 -
2025-04-05 21:30:04,157 - werkzeug - INFO - 127.0.0.1 - - [05/Apr/2025 21:30:04] "[33mGET /api/data/market HTTP/1.1[0m" 404 -
2025-04-05 21:35:46,556 - werkzeug - INFO - 127.0.0.1 - - [05/Apr/2025 21:35:46] "[33mGET /api/data/farmer HTTP/1.1[0m" 404 -
2025-04-05 21:35:46,819 - werkzeug - INFO - 127.0.0.1 - - [05/Apr/2025 21:35:46] "[33mGET /api/data/market HTTP/1.1[0m" 404 -
2025-04-05 21:36:04,294 - werkzeug - INFO - 127.0.0.1 - - [05/Apr/2025 21:36:04] "[33mGET /api/data/farmer HTTP/1.1[0m" 404 -
2025-04-05 21:36:04,612 - werkzeug - INFO - 127.0.0.1 - - [05/Apr/2025 21:36:04] "[33mGET /api/data/market HTTP/1.1[0m" 404 -
2025-04-05 21:36:14,904 - werkzeug - INFO - 127.0.0.1 - - [05/Apr/2025 21:36:14] "[33mGET /api/data/farmer HTTP/1.1[0m" 404 -
2025-04-05 21:36:15,217 - werkzeug - INFO - 127.0.0.1 - - [05/Apr/2025 21:36:15] "[33mGET /api/data/market HTTP/1.1[0m" 404 -
2025-04-05 21:36:21,239 - werkzeug - INFO - 127.0.0.1 - - [05/Apr/2025 21:36:21] "[33mGET /api/data/farmer HTTP/1.1[0m" 404 -
2025-04-05 21:36:21,593 - werkzeug - INFO - 127.0.0.1 - - [05/Apr/2025 21:36:21] "[33mGET /api/data/market HTTP/1.1[0m" 404 -
2025-04-05 21:36:54,122 - werkzeug - INFO - 127.0.0.1 - - [05/Apr/2025 21:36:54] "[33mGET /api/data/farmer HTTP/1.1[0m" 404 -
2025-04-05 21:36:54,449 - werkzeug - INFO - 127.0.0.1 - - [05/Apr/2025 21:36:54] "[33mGET /api/data/market HTTP/1.1[0m" 404 -
2025-04-05 22:03:32,772 - __main__ - WARNING - Dataset not found at d:\Accenture Hackathon\backend\data\farming_dataset.xlsx
2025-04-05 22:03:32,776 - __main__ - INFO - Creating sample dataset
2025-04-05 22:03:33,007 - __main__ - INFO - Model trained successfully
2025-04-05 22:03:33,294 - __main__ - ERROR - Error loading data: File is not a zip file
2025-04-05 22:03:33,296 - __main__ - INFO - Creating sample farm data
2025-04-05 22:03:33,298 - __main__ - INFO - Creating sample market data
2025-04-05 22:03:33,307 - __main__ - INFO - Starting Flask server...
2025-04-05 22:03:33,308 - __main__ - INFO - Dataset path: d:\Accenture Hackathon\backend\data\farming_dataset.xlsx
2025-04-05 22:03:33,310 - __main__ - INFO - Weather API Key: cb669b0e7977e5085210c5309da7b642
2025-04-05 22:03:33,311 - __main__ - INFO - Weather API URL: http://api.openweathermap.org/data/2.5/weather
2025-04-05 22:03:33,344 - werkzeug - INFO - [31m[1mWARNING: This is a development server. Do not use it in a production deployment. Use a production WSGI server instead.[0m
 * Running on all addresses (0.0.0.0)
 * Running on http://127.0.0.1:5000
 * Running on http://10.11.153.38:5000
2025-04-05 22:03:33,345 - werkzeug - INFO - [33mPress CTRL+C to quit[0m
2025-04-05 22:03:33,349 - werkzeug - INFO -  * Restarting with stat
2025-04-05 22:39:06,185 - __main__ - WARNING - Dataset not found at D:\Accenture Hackathon\backend\data\farming_dataset.xlsx
2025-04-05 22:39:06,185 - __main__ - INFO - Creating sample dataset
2025-04-05 22:39:06,352 - __main__ - INFO - Model trained successfully
2025-04-05 22:39:06,571 - __main__ - ERROR - Error loading data: File is not a zip file
2025-04-05 22:39:06,572 - __main__ - INFO - Creating sample farm data
2025-04-05 22:39:06,573 - __main__ - INFO - Creating sample market data
2025-04-05 22:39:06,579 - __main__ - INFO - Starting Flask server...
2025-04-05 22:39:06,580 - __main__ - INFO - Dataset path: D:\Accenture Hackathon\backend\data\farming_dataset.xlsx
2025-04-05 22:39:06,580 - __main__ - INFO - Weather API Key: cb669b0e7977e5085210c5309da7b642
2025-04-05 22:39:06,580 - __main__ - INFO - Weather API URL: http://api.openweathermap.org/data/2.5/weather
2025-04-05 22:39:06,674 - werkzeug - INFO - [31m[1mWARNING: This is a development server. Do not use it in a production deployment. Use a production WSGI server instead.[0m
 * Running on all addresses (0.0.0.0)
 * Running on http://127.0.0.1:5000
 * Running on http://10.11.153.38:5000
2025-04-05 22:39:06,674 - werkzeug - INFO - [33mPress CTRL+C to quit[0m
2025-04-05 22:39:06,676 - werkzeug - INFO -  * Restarting with stat
2025-04-05 22:39:09,402 - __main__ - WARNING - Dataset not found at D:\Accenture Hackathon\backend\data\farming_dataset.xlsx
2025-04-05 22:39:09,402 - __main__ - INFO - Creating sample dataset
2025-04-05 22:39:09,561 - __main__ - INFO - Model trained successfully
2025-04-05 22:39:09,841 - __main__ - ERROR - Error loading data: File is not a zip file
2025-04-05 22:39:09,842 - __main__ - INFO - Creating sample farm data
2025-04-05 22:39:09,844 - __main__ - INFO - Creating sample market data
2025-04-05 22:39:09,850 - __main__ - INFO - Starting Flask server...
2025-04-05 22:39:09,850 - __main__ - INFO - Dataset path: D:\Accenture Hackathon\backend\data\farming_dataset.xlsx
2025-04-05 22:39:09,850 - __main__ - INFO - Weather API Key: cb669b0e7977e5085210c5309da7b642
2025-04-05 22:39:09,851 - __main__ - INFO - Weather API URL: http://api.openweathermap.org/data/2.5/weather
2025-04-05 22:39:09,925 - werkzeug - WARNING -  * Debugger is active!
2025-04-05 22:39:09,929 - werkzeug - INFO -  * Debugger PIN: 191-349-390
2025-04-05 22:55:14,159 - __main__ - WARNING - Dataset not found at D:\Accenture Hackathon\backend\data\farming_dataset.xlsx
2025-04-05 22:55:14,160 - __main__ - INFO - Creating sample dataset
2025-04-05 22:55:14,333 - __main__ - INFO - Model trained successfully
2025-04-05 22:55:14,567 - __main__ - ERROR - Error loading data: File is not a zip file
2025-04-05 22:55:14,567 - __main__ - INFO - Creating sample farm data
2025-04-05 22:55:14,569 - __main__ - INFO - Creating sample market data
2025-04-05 22:55:14,575 - __main__ - INFO - Starting Flask server...
2025-04-05 22:55:14,575 - __main__ - INFO - Dataset path: D:\Accenture Hackathon\backend\data\farming_dataset.xlsx
2025-04-05 22:55:14,575 - __main__ - INFO - Weather API Key: cb669b0e7977e5085210c5309da7b642
2025-04-05 22:55:14,576 - __main__ - INFO - Weather API URL: http://api.openweathermap.org/data/2.5/weather
2025-04-05 22:55:14,662 - werkzeug - INFO - [31m[1mWARNING: This is a development server. Do not use it in a production deployment. Use a production WSGI server instead.[0m
 * Running on all addresses (0.0.0.0)
 * Running on http://127.0.0.1:5000
 * Running on http://10.11.153.38:5000
2025-04-05 22:55:14,662 - werkzeug - INFO - [33mPress CTRL+C to quit[0m
2025-04-05 22:55:14,664 - werkzeug - INFO -  * Restarting with stat
2025-04-05 22:55:17,386 - __main__ - WARNING - Dataset not found at D:\Accenture Hackathon\backend\data\farming_dataset.xlsx
2025-04-05 22:55:17,387 - __main__ - INFO - Creating sample dataset
2025-04-05 22:55:17,534 - __main__ - INFO - Model trained successfully
2025-04-05 22:55:17,756 - __main__ - ERROR - Error loading data: File is not a zip file
2025-04-05 22:55:17,756 - __main__ - INFO - Creating sample farm data
2025-04-05 22:55:17,757 - __main__ - INFO - Creating sample market data
2025-04-05 22:55:17,764 - __main__ - INFO - Starting Flask server...
2025-04-05 22:55:17,765 - __main__ - INFO - Dataset path: D:\Accenture Hackathon\backend\data\farming_dataset.xlsx
2025-04-05 22:55:17,765 - __main__ - INFO - Weather API Key: cb669b0e7977e5085210c5309da7b642
2025-04-05 22:55:17,765 - __main__ - INFO - Weather API URL: http://api.openweathermap.org/data/2.5/weather
2025-04-05 22:55:17,835 - werkzeug - WARNING -  * Debugger is active!
2025-04-05 22:55:17,839 - werkzeug - INFO -  * Debugger PIN: 191-349-390
2025-04-05 22:57:52,478 - __main__ - WARNING - Dataset not found at D:\Accenture Hackathon\backend\data\farming_dataset.xlsx
2025-04-05 22:57:52,479 - __main__ - INFO - Creating sample dataset
2025-04-05 22:57:52,636 - __main__ - INFO - Model trained successfully
2025-04-05 22:57:52,863 - __main__ - ERROR - Error loading data: File is not a zip file
2025-04-05 22:57:52,863 - __main__ - INFO - Creating sample farm data
2025-04-05 22:57:52,865 - __main__ - INFO - Creating sample market data
2025-04-05 22:57:52,872 - __main__ - INFO - Starting Flask server...
2025-04-05 22:57:52,872 - __main__ - INFO - Dataset path: D:\Accenture Hackathon\backend\data\farming_dataset.xlsx
2025-04-05 22:57:52,872 - __main__ - INFO - Weather API Key: cb669b0e7977e5085210c5309da7b642
2025-04-05 22:57:52,873 - __main__ - INFO - Weather API URL: http://api.openweathermap.org/data/2.5/weather
2025-04-05 22:57:52,969 - werkzeug - INFO - [31m[1mWARNING: This is a development server. Do not use it in a production deployment. Use a production WSGI server instead.[0m
 * Running on all addresses (0.0.0.0)
 * Running on http://127.0.0.1:5000
 * Running on http://10.11.153.38:5000
2025-04-05 22:57:52,970 - werkzeug - INFO - [33mPress CTRL+C to quit[0m
2025-04-05 22:57:52,973 - werkzeug - INFO -  * Restarting with stat
2025-04-05 22:57:55,849 - __main__ - WARNING - Dataset not found at D:\Accenture Hackathon\backend\data\farming_dataset.xlsx
2025-04-05 22:57:55,850 - __main__ - INFO - Creating sample dataset
2025-04-05 22:57:56,008 - __main__ - INFO - Model trained successfully
2025-04-05 22:57:56,233 - __main__ - ERROR - Error loading data: File is not a zip file
2025-04-05 22:57:56,233 - __main__ - INFO - Creating sample farm data
2025-04-05 22:57:56,234 - __main__ - INFO - Creating sample market data
2025-04-05 22:57:56,239 - __main__ - INFO - Starting Flask server...
2025-04-05 22:57:56,239 - __main__ - INFO - Dataset path: D:\Accenture Hackathon\backend\data\farming_dataset.xlsx
2025-04-05 22:57:56,240 - __main__ - INFO - Weather API Key: cb669b0e7977e5085210c5309da7b642
2025-04-05 22:57:56,240 - __main__ - INFO - Weather API URL: http://api.openweathermap.org/data/2.5/weather
2025-04-05 22:57:56,317 - werkzeug - WARNING -  * Debugger is active!
2025-04-05 22:57:56,321 - werkzeug - INFO -  * Debugger PIN: 191-349-390
2025-04-05 22:58:23,519 - werkzeug - INFO -  * Detected change in 'D:\\Accenture Hackathon\\backend\\server.py', reloading
2025-04-05 22:58:23,872 - werkzeug - INFO -  * Restarting with stat
2025-04-05 22:58:26,952 - __main__ - WARNING - Dataset not found at D:\Accenture Hackathon\backend\data\farming_
2025-04-05 22:58:26,953 - __main__ - INFO - Creating sample dataset
2025-04-05 22:58:27,124 - __main__ - INFO - Model trained successfully
2025-04-05 22:58:27,371 - __main__ - ERROR - Error loading data: File is not a zip file
2025-04-05 22:58:27,372 - __main__ - INFO - Creating sample farm data
2025-04-05 22:58:27,373 - __main__ - INFO - Creating sample market data
2025-04-05 22:58:27,379 - __main__ - INFO - Starting Flask server...
2025-04-05 22:58:27,379 - __main__ - INFO - Dataset path: D:\Accenture Hackathon\backend\data\farming_
2025-04-05 22:58:27,380 - __main__ - INFO - Weather API Key: cb669b0e7977e5085210c5309da7b642
2025-04-05 22:58:27,380 - __main__ - INFO - Weather API URL: http://api.openweathermap.org/data/2.5/weather
2025-04-05 22:58:27,475 - werkzeug - WARNING -  * Debugger is active!
2025-04-05 22:58:27,481 - werkzeug - INFO -  * Debugger PIN: 191-349-390
2025-04-05 22:58:28,950 - werkzeug - INFO -  * Detected change in 'D:\\Accenture Hackathon\\backend\\server.py', reloading
2025-04-05 22:58:29,255 - werkzeug - INFO -  * Restarting with stat
2025-04-05 22:58:32,226 - __main__ - WARNING - Dataset not found at D:\Accenture Hackathon\backend\data\farming_advisor_dataset.xlsx
2025-04-05 22:58:32,226 - __main__ - INFO - Creating sample dataset
2025-04-05 22:58:32,399 - __main__ - INFO - Model trained successfully
2025-04-05 22:58:32,636 - __main__ - ERROR - Error loading data: File is not a zip file
2025-04-05 22:58:32,636 - __main__ - INFO - Creating sample farm data
2025-04-05 22:58:32,637 - __main__ - INFO - Creating sample market data
2025-04-05 22:58:32,644 - __main__ - INFO - Starting Flask server...
2025-04-05 22:58:32,644 - __main__ - INFO - Dataset path: D:\Accenture Hackathon\backend\data\farming_advisor_dataset.xlsx
2025-04-05 22:58:32,644 - __main__ - INFO - Weather API Key: cb669b0e7977e5085210c5309da7b642
2025-04-05 22:58:32,645 - __main__ - INFO - Weather API URL: http://api.openweathermap.org/data/2.5/weather
2025-04-05 22:58:32,723 - werkzeug - WARNING -  * Debugger is active!
2025-04-05 22:58:32,727 - werkzeug - INFO -  * Debugger PIN: 191-349-390
2025-04-05 22:59:42,714 - werkzeug - INFO -  * Detected change in 'D:\\Accenture Hackathon\\backend\\server.py', reloading
2025-04-05 22:59:43,028 - werkzeug - INFO -  * Restarting with stat
2025-04-05 22:59:46,281 - __main__ - WARNING - Dataset not found at D:\Accenture Hackathon\backend\data\farming_advisor_dataset.csv
2025-04-05 22:59:46,282 - __main__ - INFO - Creating sample dataset
2025-04-05 22:59:46,482 - __main__ - INFO - Model trained successfully
2025-04-05 22:59:46,719 - __main__ - ERROR - Error loading data: File is not a zip file
2025-04-05 22:59:46,719 - __main__ - INFO - Creating sample farm data
2025-04-05 22:59:46,720 - __main__ - INFO - Creating sample market data
2025-04-05 22:59:46,725 - __main__ - INFO - Starting Flask server...
2025-04-05 22:59:46,726 - __main__ - INFO - Dataset path: D:\Accenture Hackathon\backend\data\farming_advisor_dataset.csv
2025-04-05 22:59:46,726 - __main__ - INFO - Weather API Key: cb669b0e7977e5085210c5309da7b642
2025-04-05 22:59:46,726 - __main__ - INFO - Weather API URL: http://api.openweathermap.org/data/2.5/weather
2025-04-05 22:59:46,793 - werkzeug - WARNING -  * Debugger is active!
2025-04-05 22:59:46,797 - werkzeug - INFO -  * Debugger PIN: 191-349-390
2025-04-05 22:59:47,059 - werkzeug - INFO -  * Detected change in 'D:\\Accenture Hackathon\\backend\\server.py', reloading
2025-04-05 22:59:47,335 - werkzeug - INFO -  * Restarting with stat
2025-04-05 22:59:50,088 - __main__ - WARNING - Dataset not found at D:\Accenture Hackathon\backend\data\farming_advisor_dataset.csv
2025-04-05 22:59:50,089 - __main__ - INFO - Creating sample dataset
2025-04-05 22:59:50,266 - __main__ - INFO - Model trained successfully
2025-04-05 22:59:50,505 - __main__ - ERROR - Error loading data: File is not a zip file
2025-04-05 22:59:50,505 - __main__ - INFO - Creating sample farm data
2025-04-05 22:59:50,507 - __main__ - INFO - Creating sample market data
2025-04-05 22:59:50,512 - __main__ - INFO - Starting Flask server...
2025-04-05 22:59:50,512 - __main__ - INFO - Dataset path: D:\Accenture Hackathon\backend\data\farming_advisor_dataset.csv
2025-04-05 22:59:50,513 - __main__ - INFO - Weather API Key: cb669b0e7977e5085210c5309da7b642
2025-04-05 22:59:50,513 - __main__ - INFO - Weather API URL: http://api.openweathermap.org/data/2.5/weather
2025-04-05 22:59:50,585 - werkzeug - WARNING -  * Debugger is active!
2025-04-05 22:59:50,589 - werkzeug - INFO -  * Debugger PIN: 191-349-390
2025-04-05 23:00:05,242 - werkzeug - INFO -  * Detected change in 'D:\\Accenture Hackathon\\backend\\server.py', reloading
2025-04-05 23:00:05,740 - werkzeug - INFO -  * Restarting with stat
2025-04-05 23:00:08,876 - __main__ - WARNING - Dataset not found at D:\Accenture Hackathon\backend\data\farming_advisor_dataset.csv
2025-04-05 23:00:08,877 - __main__ - INFO - Creating sample dataset
2025-04-05 23:00:09,078 - __main__ - INFO - Model trained successfully
2025-04-05 23:00:09,350 - __main__ - ERROR - Error loading data: File is not a zip file
2025-04-05 23:00:09,350 - __main__ - INFO - Creating sample farm data
2025-04-05 23:00:09,352 - __main__ - INFO - Creating sample market data
2025-04-05 23:00:09,362 - __main__ - INFO - Starting Flask server...
2025-04-05 23:00:09,362 - __main__ - INFO - Dataset path: D:\Accenture Hackathon\backend\data\farming_advisor_dataset.csv
2025-04-05 23:00:09,363 - __main__ - INFO - Weather API Key: cb669b0e7977e5085210c5309da7b642
2025-04-05 23:00:09,363 - __main__ - INFO - Weather API URL: http://api.openweathermap.org/data/2.5/weather
2025-04-05 23:00:09,449 - werkzeug - WARNING -  * Debugger is active!
2025-04-05 23:00:09,454 - werkzeug - INFO -  * Debugger PIN: 191-349-390
2025-04-05 23:00:11,007 - werkzeug - INFO -  * Detected change in 'D:\\Accenture Hackathon\\backend\\server.py', reloading
2025-04-05 23:00:11,307 - werkzeug - INFO -  * Restarting with stat
2025-04-05 23:00:14,257 - __main__ - WARNING - Dataset not found at D:\Accenture Hackathon\backend\data\farming_advisor_dataset.csv
2025-04-05 23:00:14,257 - __main__ - INFO - Creating sample dataset
2025-04-05 23:00:14,438 - __main__ - INFO - Model trained successfully
2025-04-05 23:00:14,681 - __main__ - ERROR - Error loading data: File is not a zip file
2025-04-05 23:00:14,681 - __main__ - INFO - Creating sample farm data
2025-04-05 23:00:14,682 - __main__ - INFO - Creating sample market data
2025-04-05 23:00:14,688 - __main__ - INFO - Starting Flask server...
2025-04-05 23:00:14,688 - __main__ - INFO - Dataset path: D:\Accenture Hackathon\backend\data\farming_advisor_dataset.csv
2025-04-05 23:00:14,689 - __main__ - INFO - Weather API Key: cb669b0e7977e5085210c5309da7b642
2025-04-05 23:00:14,689 - __main__ - INFO - Weather API URL: http://api.openweathermap.org/data/2.5/weather
2025-04-05 23:00:14,764 - werkzeug - WARNING -  * Debugger is active!
2025-04-05 23:00:14,769 - werkzeug - INFO -  * Debugger PIN: 191-349-390
2025-04-05 23:00:16,233 - werkzeug - INFO -  * Detected change in 'D:\\Accenture Hackathon\\backend\\server.py', reloading
2025-04-05 23:00:16,520 - werkzeug - INFO -  * Restarting with stat
2025-04-05 23:07:56,375 - __main__ - WARNING - Dataset not found at d:\Accenture Hackathon\backend\data\farming_advisor_dataset.csv
2025-04-05 23:07:56,376 - __main__ - INFO - Creating sample dataset
2025-04-05 23:07:56,543 - __main__ - INFO - Model trained successfully
2025-04-05 23:07:56,787 - __main__ - ERROR - Error loading data: File is not a zip file
2025-04-05 23:07:56,787 - __main__ - INFO - Creating sample farm data
2025-04-05 23:07:56,788 - __main__ - INFO - Creating sample market data
2025-04-05 23:07:56,795 - __main__ - INFO - Starting Flask server...
2025-04-05 23:07:56,796 - __main__ - INFO - Dataset path: d:\Accenture Hackathon\backend\data\farming_advisor_dataset.csv
2025-04-05 23:07:56,796 - __main__ - INFO - Weather API Key: cb669b0e7977e5085210c5309da7b642
2025-04-05 23:07:56,797 - __main__ - INFO - Weather API URL: http://api.openweathermap.org/data/2.5/weather
2025-04-05 23:07:56,914 - werkzeug - INFO - [31m[1mWARNING: This is a development server. Do not use it in a production deployment. Use a production WSGI server instead.[0m
 * Running on all addresses (0.0.0.0)
 * Running on http://127.0.0.1:5000
 * Running on http://10.11.153.38:5000
2025-04-05 23:07:56,914 - werkzeug - INFO - [33mPress CTRL+C to quit[0m
2025-04-05 23:07:56,917 - werkzeug - INFO -  * Restarting with stat
2025-04-05 23:07:59,737 - __main__ - WARNING - Dataset not found at d:\Accenture Hackathon\backend\data\farming_advisor_dataset.csv
2025-04-05 23:07:59,737 - __main__ - INFO - Creating sample dataset
2025-04-05 23:07:59,917 - __main__ - INFO - Model trained successfully
2025-04-05 23:08:00,148 - __main__ - ERROR - Error loading data: File is not a zip file
2025-04-05 23:08:00,148 - __main__ - INFO - Creating sample farm data
2025-04-05 23:08:00,149 - __main__ - INFO - Creating sample market data
2025-04-05 23:08:00,156 - __main__ - INFO - Starting Flask server...
2025-04-05 23:08:00,157 - __main__ - INFO - Dataset path: d:\Accenture Hackathon\backend\data\farming_advisor_dataset.csv
2025-04-05 23:08:00,158 - __main__ - INFO - Weather API Key: cb669b0e7977e5085210c5309da7b642
2025-04-05 23:08:00,158 - __main__ - INFO - Weather API URL: http://api.openweathermap.org/data/2.5/weather
2025-04-05 23:08:00,229 - werkzeug - WARNING -  * Debugger is active!
2025-04-05 23:08:00,233 - werkzeug - INFO -  * Debugger PIN: 191-349-390
2025-04-05 23:08:38,982 - werkzeug - INFO -  * Detected change in 'd:\\Accenture Hackathon\\backend\\server.py', reloading
2025-04-05 23:08:39,440 - werkzeug - INFO -  * Restarting with stat
2025-04-05 23:08:42,273 - __main__ - WARNING - Dataset not found at d:\Accenture Hackathon\backend\data\farming_advisor_dataset.csv
2025-04-05 23:08:42,274 - __main__ - INFO - Creating sample dataset
2025-04-05 23:08:42,457 - __main__ - INFO - Model trained successfully
2025-04-05 23:08:42,670 - __main__ - ERROR - Error loading data: File is not a zip file
2025-04-05 23:08:42,670 - __main__ - INFO - Creating sample farm data
2025-04-05 23:08:42,672 - __main__ - INFO - Creating sample market data
2025-04-05 23:08:42,676 - __main__ - INFO - Starting Flask server...
2025-04-05 23:08:42,676 - __main__ - INFO - Dataset path: d:\Accenture Hackathon\backend\data\farming_advisor_dataset.csv
2025-04-05 23:08:42,677 - __main__ - INFO - Weather API Key: cb669b0e7977e5085210c5309da7b642
2025-04-05 23:08:42,677 - __main__ - INFO - Weather API URL: http://api.openweathermap.org/data/2.5/weather
2025-04-05 23:08:42,755 - werkzeug - WARNING -  * Debugger is active!
2025-04-05 23:08:42,759 - werkzeug - INFO -  * Debugger PIN: 191-349-390
2025-04-06 01:46:48,157 - __main__ - WARNING - Dataset not found at d:\Accenture Hackathon\backend\data\farming_advisor_dataset.csv
2025-04-06 01:46:48,158 - __main__ - INFO - Creating sample dataset
2025-04-06 01:46:48,356 - __main__ - INFO - Model trained successfully
2025-04-06 01:46:48,630 - __main__ - ERROR - Error loading data: File is not a zip file
2025-04-06 01:46:48,631 - __main__ - INFO - Creating sample farm data
2025-04-06 01:46:48,633 - __main__ - INFO - Creating sample market data
2025-04-06 01:46:48,641 - __main__ - INFO - Starting Flask server...
2025-04-06 01:46:48,642 - __main__ - INFO - Dataset path: d:\Accenture Hackathon\backend\data\farming_advisor_dataset.csv
2025-04-06 01:46:48,643 - __main__ - INFO - Weather API Key: cb669b0e7977e5085210c5309da7b642
2025-04-06 01:46:48,644 - __main__ - INFO - Weather API URL: http://api.openweathermap.org/data/2.5/weather
2025-04-06 01:46:48,669 - werkzeug - INFO - [31m[1mWARNING: This is a development server. Do not use it in a production deployment. Use a production WSGI server instead.[0m
 * Running on all addresses (0.0.0.0)
 * Running on http://127.0.0.1:5000
 * Running on http://10.11.153.38:5000
2025-04-06 01:46:48,671 - werkzeug - INFO - [33mPress CTRL+C to quit[0m
2025-04-06 01:46:48,674 - werkzeug - INFO -  * Restarting with stat
2025-04-06 01:49:30,234 - __main__ - WARNING - Dataset not found at d:\Accenture Hackathon\backend\data\farming_advisor_dataset.csv
2025-04-06 01:49:30,236 - __main__ - INFO - Creating sample dataset
2025-04-06 01:49:30,422 - __main__ - INFO - Model trained successfully
2025-04-06 01:49:30,654 - __main__ - ERROR - Error loading data: File is not a zip file
2025-04-06 01:49:30,655 - __main__ - INFO - Creating sample farm data
2025-04-06 01:49:30,657 - __main__ - INFO - Creating sample market data
2025-04-06 01:49:30,666 - __main__ - INFO - Structure verification passed!
2025-04-06 01:49:30,667 - __main__ - INFO - Starting Flask server...
2025-04-06 01:49:30,669 - __main__ - INFO - Dataset path: d:\Accenture Hackathon\backend\data\farming_advisor_dataset.csv
2025-04-06 01:49:30,671 - __main__ - INFO - Weather API Key: cb669b0e7977e5085210c5309da7b642
2025-04-06 01:49:30,672 - __main__ - INFO - Weather API URL: http://api.openweathermap.org/data/2.5/weather
2025-04-06 01:49:30,699 - werkzeug - INFO - [31m[1mWARNING: This is a development server. Do not use it in a production deployment. Use a production WSGI server instead.[0m
 * Running on all addresses (0.0.0.0)
 * Running on http://127.0.0.1:5000
 * Running on http://10.11.153.38:5000
2025-04-06 01:49:30,700 - werkzeug - INFO - [33mPress CTRL+C to quit[0m
2025-04-06 01:49:30,703 - werkzeug - INFO -  * Restarting with stat
2025-04-06 01:53:11,416 - __main__ - WARNING - Dataset not found at d:\Accenture Hackathon\backend\data\farming_advisor_dataset.csv
2025-04-06 01:53:11,417 - __main__ - INFO - Creating sample dataset
2025-04-06 01:53:11,589 - __main__ - INFO - Model trained successfully
2025-04-06 01:53:11,858 - __main__ - ERROR - Error loading data: File is not a zip file
2025-04-06 01:53:11,860 - __main__ - INFO - Creating sample farm data
2025-04-06 01:53:11,861 - __main__ - INFO - Creating sample market data
2025-04-06 01:53:11,871 - __main__ - INFO - Structure verification passed!
2025-04-06 01:53:11,873 - __main__ - INFO - Starting Flask server...
2025-04-06 01:53:11,874 - __main__ - INFO - Dataset path: d:\Accenture Hackathon\backend\data\farming_advisor_dataset.csv
2025-04-06 01:53:11,875 - __main__ - INFO - Weather API Key: cb669b0e7977e5085210c5309da7b642
2025-04-06 01:53:11,876 - __main__ - INFO - Weather API URL: http://api.openweathermap.org/data/2.5/weather
2025-04-06 01:53:11,912 - werkzeug - INFO - [31m[1mWARNING: This is a development server. Do not use it in a production deployment. Use a production WSGI server instead.[0m
 * Running on all addresses (0.0.0.0)
 * Running on http://127.0.0.1:5000
 * Running on http://10.11.153.38:5000
2025-04-06 01:53:11,914 - werkzeug - INFO - [33mPress CTRL+C to quit[0m
2025-04-06 01:53:11,917 - werkzeug - INFO -  * Restarting with stat
2025-04-06 01:57:53,994 - __main__ - WARNING - Dataset not found at d:\Accenture Hackathon\backend\data\farming_advisor_dataset.csv
2025-04-06 01:57:53,996 - __main__ - INFO - Creating sample dataset
2025-04-06 01:57:54,156 - __main__ - INFO - Model trained successfully
2025-04-06 01:57:54,412 - __main__ - ERROR - Error loading data: File is not a zip file
2025-04-06 01:57:54,413 - __main__ - INFO - Creating sample farm data
2025-04-06 01:57:54,416 - __main__ - INFO - Creating sample market data
2025-04-06 01:57:54,429 - __main__ - INFO - Structure verification passed!
2025-04-06 01:57:54,431 - __main__ - INFO - Starting Flask server...
2025-04-06 01:57:54,432 - __main__ - INFO - Dataset path: d:\Accenture Hackathon\backend\data\farming_advisor_dataset.csv
2025-04-06 01:57:54,433 - __main__ - INFO - Weather API Key: cb669b0e7977e5085210c5309da7b642
2025-04-06 01:57:54,434 - __main__ - INFO - Weather API URL: http://api.openweathermap.org/data/2.5/weather
2025-04-06 01:57:54,467 - werkzeug - INFO - [31m[1mWARNING: This is a development server. Do not use it in a production deployment. Use a production WSGI server instead.[0m
 * Running on all addresses (0.0.0.0)
 * Running on http://127.0.0.1:5000
 * Running on http://10.11.153.38:5000
2025-04-06 01:57:54,469 - werkzeug - INFO - [33mPress CTRL+C to quit[0m
2025-04-06 01:57:54,473 - werkzeug - INFO -  * Restarting with stat
2025-04-06 11:36:24,934 - __main__ - WARNING - Dataset not found at d:\Accenture Hackathon\backend\data\farming_advisor_dataset.csv
2025-04-06 11:36:24,936 - __main__ - INFO - Creating sample dataset
2025-04-06 11:36:25,103 - __main__ - INFO - Model trained successfully
2025-04-06 11:36:25,347 - __main__ - ERROR - Error loading data: File is not a zip file
2025-04-06 11:36:25,349 - __main__ - INFO - Creating sample farm data
2025-04-06 11:36:25,351 - __main__ - INFO - Creating sample market data
2025-04-06 11:36:25,361 - __main__ - INFO - Structure verification passed!
2025-04-06 11:36:25,362 - __main__ - INFO - Starting Flask server...
2025-04-06 11:36:25,362 - __main__ - INFO - Dataset path: d:\Accenture Hackathon\backend\data\farming_advisor_dataset.csv
2025-04-06 11:36:25,363 - __main__ - INFO - Weather API Key: cb669b0e7977e5085210c5309da7b642
2025-04-06 11:36:25,364 - __main__ - INFO - Weather API URL: http://api.openweathermap.org/data/2.5/weather
2025-04-06 11:36:25,390 - werkzeug - INFO - [31m[1mWARNING: This is a development server. Do not use it in a production deployment. Use a production WSGI server instead.[0m
 * Running on all addresses (0.0.0.0)
 * Running on http://127.0.0.1:5001
 * Running on http://10.11.153.217:5001
2025-04-06 11:36:25,391 - werkzeug - INFO - [33mPress CTRL+C to quit[0m
2025-04-06 11:36:25,394 - werkzeug - INFO -  * Restarting with stat
